2016-01-15 09:53:59,522 [qtp1282203-18] ERROR  o.a.cxf.service.invoker.AbstractInvoker - Invocation without a binding operation.
2016-01-15 09:53:59,527 [qtp1282203-18] WARN  o.apache.cxf.phase.PhaseInterceptorChain - Interceptor for {http://webServices_CXF_spring.mervyn.github.org/}IHelloWSService has thrown exception, unwinding now
org.apache.cxf.interceptor.Fault: No binding operation info while invoking unknown method with params unknown.
	at org.apache.cxf.service.invoker.AbstractInvoker.invoke(AbstractInvoker.java:58) ~[cxf-core-3.1.4.jar:3.1.4]
	at org.apache.cxf.interceptor.ServiceInvokerInterceptor$1.run(ServiceInvokerInterceptor.java:59) ~[cxf-core-3.1.4.jar:3.1.4]
	at java.util.concurrent.Executors$RunnableAdapter.call(Executors.java:511) ~[na:1.8.0_65]
	at java.util.concurrent.FutureTask.run(FutureTask.java:266) ~[na:1.8.0_65]
	at org.apache.cxf.interceptor.ServiceInvokerInterceptor$2.run(ServiceInvokerInterceptor.java:126) ~[cxf-core-3.1.4.jar:3.1.4]
	at org.apache.cxf.workqueue.SynchronousExecutor.execute(SynchronousExecutor.java:37) ~[cxf-core-3.1.4.jar:3.1.4]
	at org.apache.cxf.interceptor.ServiceInvokerInterceptor.handleMessage(ServiceInvokerInterceptor.java:131) ~[cxf-core-3.1.4.jar:3.1.4]
	at org.apache.cxf.phase.PhaseInterceptorChain.doIntercept(PhaseInterceptorChain.java:308) ~[cxf-core-3.1.4.jar:3.1.4]
	at org.apache.cxf.transport.ChainInitiationObserver.onMessage(ChainInitiationObserver.java:121) [cxf-core-3.1.4.jar:3.1.4]
	at org.apache.cxf.transport.http.AbstractHTTPDestination.invoke(AbstractHTTPDestination.java:251) [cxf-rt-transports-http-3.1.4.jar:3.1.4]
	at org.apache.cxf.transport.servlet.ServletController.invokeDestination(ServletController.java:234) [cxf-rt-transports-http-3.1.4.jar:3.1.4]
	at org.apache.cxf.transport.servlet.ServletController.invoke(ServletController.java:208) [cxf-rt-transports-http-3.1.4.jar:3.1.4]
	at org.apache.cxf.transport.servlet.ServletController.invoke(ServletController.java:160) [cxf-rt-transports-http-3.1.4.jar:3.1.4]
	at org.apache.cxf.transport.servlet.CXFNonSpringServlet.invoke(CXFNonSpringServlet.java:180) [cxf-rt-transports-http-3.1.4.jar:3.1.4]
	at org.apache.cxf.transport.servlet.AbstractHTTPServlet.handleRequest(AbstractHTTPServlet.java:293) [cxf-rt-transports-http-3.1.4.jar:3.1.4]
	at org.apache.cxf.transport.servlet.AbstractHTTPServlet.doGet(AbstractHTTPServlet.java:217) [cxf-rt-transports-http-3.1.4.jar:3.1.4]
	at javax.servlet.http.HttpServlet.service(HttpServlet.java:735) [javax.servlet-3.0.0.v201112011016.jar:na]
	at org.apache.cxf.transport.servlet.AbstractHTTPServlet.service(AbstractHTTPServlet.java:268) [cxf-rt-transports-http-3.1.4.jar:3.1.4]
	at org.eclipse.jetty.servlet.ServletHolder.handle(ServletHolder.java:671) [jetty-servlet-9.0.0.v20130308.jar:9.0.0.v20130308]
	at org.eclipse.jetty.servlet.ServletHandler$CachedChain.doFilter(ServletHandler.java:1448) [jetty-servlet-9.0.0.v20130308.jar:9.0.0.v20130308]
	at org.springframework.web.filter.CharacterEncodingFilter.doFilterInternal(CharacterEncodingFilter.java:121) [spring-web-4.2.3.RELEASE.jar:4.2.3.RELEASE]
	at org.springframework.web.filter.OncePerRequestFilter.doFilter(OncePerRequestFilter.java:107) [spring-web-4.2.3.RELEASE.jar:4.2.3.RELEASE]
	at org.eclipse.jetty.servlet.ServletHandler$CachedChain.doFilter(ServletHandler.java:1419) [jetty-servlet-9.0.0.v20130308.jar:9.0.0.v20130308]
	at org.eclipse.jetty.servlet.ServletHandler.doHandle(ServletHandler.java:447) [jetty-servlet-9.0.0.v20130308.jar:9.0.0.v20130308]
	at org.eclipse.jetty.server.handler.ScopedHandler.handle(ScopedHandler.java:138) [jetty-server-9.0.0.v20130308.jar:9.0.0.v20130308]
	at org.eclipse.jetty.security.SecurityHandler.handle(SecurityHandler.java:564) [jetty-security-9.0.0.v20130308.jar:9.0.0.v20130308]
	at org.eclipse.jetty.server.session.SessionHandler.doHandle(SessionHandler.java:213) [jetty-server-9.0.0.v20130308.jar:9.0.0.v20130308]
	at org.eclipse.jetty.server.handler.ContextHandler.doHandle(ContextHandler.java:1070) [jetty-server-9.0.0.v20130308.jar:9.0.0.v20130308]
	at org.eclipse.jetty.servlet.ServletHandler.doScope(ServletHandler.java:376) [jetty-servlet-9.0.0.v20130308.jar:9.0.0.v20130308]
	at org.eclipse.jetty.server.session.SessionHandler.doScope(SessionHandler.java:175) [jetty-server-9.0.0.v20130308.jar:9.0.0.v20130308]
	at org.eclipse.jetty.server.handler.ContextHandler.doScope(ContextHandler.java:1004) [jetty-server-9.0.0.v20130308.jar:9.0.0.v20130308]
	at org.eclipse.jetty.server.handler.ScopedHandler.handle(ScopedHandler.java:136) [jetty-server-9.0.0.v20130308.jar:9.0.0.v20130308]
	at org.eclipse.jetty.server.handler.ContextHandlerCollection.handle(ContextHandlerCollection.java:258) [jetty-server-9.0.0.v20130308.jar:9.0.0.v20130308]
	at org.eclipse.jetty.server.handler.HandlerCollection.handle(HandlerCollection.java:109) [jetty-server-9.0.0.v20130308.jar:9.0.0.v20130308]
	at org.eclipse.jetty.server.handler.HandlerWrapper.handle(HandlerWrapper.java:97) [jetty-server-9.0.0.v20130308.jar:9.0.0.v20130308]
	at org.eclipse.jetty.server.Server.handle(Server.java:449) [jetty-server-9.0.0.v20130308.jar:9.0.0.v20130308]
	at org.eclipse.jetty.server.HttpChannel.run(HttpChannel.java:252) [jetty-server-9.0.0.v20130308.jar:9.0.0.v20130308]
	at org.eclipse.jetty.server.HttpConnection.onFillable(HttpConnection.java:266) [jetty-server-9.0.0.v20130308.jar:9.0.0.v20130308]
	at org.eclipse.jetty.io.AbstractConnection$ReadCallback.run(AbstractConnection.java:240) [jetty-io-9.0.0.v20130308.jar:9.0.0.v20130308]
	at org.eclipse.jetty.util.thread.QueuedThreadPool.runJob(QueuedThreadPool.java:589) [jetty-util-9.0.0.v20130308.jar:9.0.0.v20130308]
	at org.eclipse.jetty.util.thread.QueuedThreadPool$3.run(QueuedThreadPool.java:520) [jetty-util-9.0.0.v20130308.jar:9.0.0.v20130308]
	at java.lang.Thread.run(Thread.java:745) [na:1.8.0_65]
2016-01-15 10:23:29,721 [qtp6118726-18] ERROR  o.a.cxf.service.invoker.AbstractInvoker - Invocation without a binding operation.
2016-01-15 10:23:29,726 [qtp6118726-18] WARN  o.apache.cxf.phase.PhaseInterceptorChain - Interceptor for {http://localhost:8080/java-learn-webServices_CXF_spring}iHelloWS has thrown exception, unwinding now
org.apache.cxf.interceptor.Fault: No binding operation info while invoking unknown method with params unknown.
	at org.apache.cxf.service.invoker.AbstractInvoker.invoke(AbstractInvoker.java:58) ~[cxf-core-3.1.4.jar:3.1.4]
	at org.apache.cxf.interceptor.ServiceInvokerInterceptor$1.run(ServiceInvokerInterceptor.java:59) ~[cxf-core-3.1.4.jar:3.1.4]
	at java.util.concurrent.Executors$RunnableAdapter.call(Executors.java:511) ~[na:1.8.0_65]
	at java.util.concurrent.FutureTask.run(FutureTask.java:266) ~[na:1.8.0_65]
	at org.apache.cxf.interceptor.ServiceInvokerInterceptor$2.run(ServiceInvokerInterceptor.java:126) ~[cxf-core-3.1.4.jar:3.1.4]
	at org.apache.cxf.workqueue.SynchronousExecutor.execute(SynchronousExecutor.java:37) ~[cxf-core-3.1.4.jar:3.1.4]
	at org.apache.cxf.interceptor.ServiceInvokerInterceptor.handleMessage(ServiceInvokerInterceptor.java:131) ~[cxf-core-3.1.4.jar:3.1.4]
	at org.apache.cxf.phase.PhaseInterceptorChain.doIntercept(PhaseInterceptorChain.java:308) ~[cxf-core-3.1.4.jar:3.1.4]
	at org.apache.cxf.transport.ChainInitiationObserver.onMessage(ChainInitiationObserver.java:121) [cxf-core-3.1.4.jar:3.1.4]
	at org.apache.cxf.transport.http.AbstractHTTPDestination.invoke(AbstractHTTPDestination.java:251) [cxf-rt-transports-http-3.1.4.jar:3.1.4]
	at org.apache.cxf.transport.servlet.ServletController.invokeDestination(ServletController.java:234) [cxf-rt-transports-http-3.1.4.jar:3.1.4]
	at org.apache.cxf.transport.servlet.ServletController.invoke(ServletController.java:208) [cxf-rt-transports-http-3.1.4.jar:3.1.4]
	at org.apache.cxf.transport.servlet.ServletController.invoke(ServletController.java:160) [cxf-rt-transports-http-3.1.4.jar:3.1.4]
	at org.apache.cxf.transport.servlet.CXFNonSpringServlet.invoke(CXFNonSpringServlet.java:180) [cxf-rt-transports-http-3.1.4.jar:3.1.4]
	at org.apache.cxf.transport.servlet.AbstractHTTPServlet.handleRequest(AbstractHTTPServlet.java:293) [cxf-rt-transports-http-3.1.4.jar:3.1.4]
	at org.apache.cxf.transport.servlet.AbstractHTTPServlet.doGet(AbstractHTTPServlet.java:217) [cxf-rt-transports-http-3.1.4.jar:3.1.4]
	at javax.servlet.http.HttpServlet.service(HttpServlet.java:735) [javax.servlet-3.0.0.v201112011016.jar:na]
	at org.apache.cxf.transport.servlet.AbstractHTTPServlet.service(AbstractHTTPServlet.java:268) [cxf-rt-transports-http-3.1.4.jar:3.1.4]
	at org.eclipse.jetty.servlet.ServletHolder.handle(ServletHolder.java:671) [jetty-servlet-9.0.0.v20130308.jar:9.0.0.v20130308]
	at org.eclipse.jetty.servlet.ServletHandler$CachedChain.doFilter(ServletHandler.java:1448) [jetty-servlet-9.0.0.v20130308.jar:9.0.0.v20130308]
	at org.springframework.web.filter.CharacterEncodingFilter.doFilterInternal(CharacterEncodingFilter.java:121) [spring-web-4.2.3.RELEASE.jar:4.2.3.RELEASE]
	at org.springframework.web.filter.OncePerRequestFilter.doFilter(OncePerRequestFilter.java:107) [spring-web-4.2.3.RELEASE.jar:4.2.3.RELEASE]
	at org.eclipse.jetty.servlet.ServletHandler$CachedChain.doFilter(ServletHandler.java:1419) [jetty-servlet-9.0.0.v20130308.jar:9.0.0.v20130308]
	at org.eclipse.jetty.servlet.ServletHandler.doHandle(ServletHandler.java:447) [jetty-servlet-9.0.0.v20130308.jar:9.0.0.v20130308]
	at org.eclipse.jetty.server.handler.ScopedHandler.handle(ScopedHandler.java:138) [jetty-server-9.0.0.v20130308.jar:9.0.0.v20130308]
	at org.eclipse.jetty.security.SecurityHandler.handle(SecurityHandler.java:564) [jetty-security-9.0.0.v20130308.jar:9.0.0.v20130308]
	at org.eclipse.jetty.server.session.SessionHandler.doHandle(SessionHandler.java:213) [jetty-server-9.0.0.v20130308.jar:9.0.0.v20130308]
	at org.eclipse.jetty.server.handler.ContextHandler.doHandle(ContextHandler.java:1070) [jetty-server-9.0.0.v20130308.jar:9.0.0.v20130308]
	at org.eclipse.jetty.servlet.ServletHandler.doScope(ServletHandler.java:376) [jetty-servlet-9.0.0.v20130308.jar:9.0.0.v20130308]
	at org.eclipse.jetty.server.session.SessionHandler.doScope(SessionHandler.java:175) [jetty-server-9.0.0.v20130308.jar:9.0.0.v20130308]
	at org.eclipse.jetty.server.handler.ContextHandler.doScope(ContextHandler.java:1004) [jetty-server-9.0.0.v20130308.jar:9.0.0.v20130308]
	at org.eclipse.jetty.server.handler.ScopedHandler.handle(ScopedHandler.java:136) [jetty-server-9.0.0.v20130308.jar:9.0.0.v20130308]
	at org.eclipse.jetty.server.handler.ContextHandlerCollection.handle(ContextHandlerCollection.java:258) [jetty-server-9.0.0.v20130308.jar:9.0.0.v20130308]
	at org.eclipse.jetty.server.handler.HandlerCollection.handle(HandlerCollection.java:109) [jetty-server-9.0.0.v20130308.jar:9.0.0.v20130308]
	at org.eclipse.jetty.server.handler.HandlerWrapper.handle(HandlerWrapper.java:97) [jetty-server-9.0.0.v20130308.jar:9.0.0.v20130308]
	at org.eclipse.jetty.server.Server.handle(Server.java:449) [jetty-server-9.0.0.v20130308.jar:9.0.0.v20130308]
	at org.eclipse.jetty.server.HttpChannel.run(HttpChannel.java:252) [jetty-server-9.0.0.v20130308.jar:9.0.0.v20130308]
	at org.eclipse.jetty.server.HttpConnection.onFillable(HttpConnection.java:266) [jetty-server-9.0.0.v20130308.jar:9.0.0.v20130308]
	at org.eclipse.jetty.io.AbstractConnection$ReadCallback.run(AbstractConnection.java:240) [jetty-io-9.0.0.v20130308.jar:9.0.0.v20130308]
	at org.eclipse.jetty.util.thread.QueuedThreadPool.runJob(QueuedThreadPool.java:589) [jetty-util-9.0.0.v20130308.jar:9.0.0.v20130308]
	at org.eclipse.jetty.util.thread.QueuedThreadPool$3.run(QueuedThreadPool.java:520) [jetty-util-9.0.0.v20130308.jar:9.0.0.v20130308]
	at java.lang.Thread.run(Thread.java:745) [na:1.8.0_65]
2016-01-15 10:59:10,939 [qtp6118726-24] ERROR  o.a.cxf.service.invoker.AbstractInvoker - Invocation without a binding operation.
2016-01-15 10:59:10,953 [qtp6118726-24] WARN  o.apache.cxf.phase.PhaseInterceptorChain - Interceptor for {http://localhost:8080/java-learn-webServices_CXF_spring}iHelloWS has thrown exception, unwinding now
org.apache.cxf.interceptor.Fault: No binding operation info while invoking unknown method with params unknown.
	at org.apache.cxf.service.invoker.AbstractInvoker.invoke(AbstractInvoker.java:58) ~[cxf-core-3.1.4.jar:3.1.4]
	at org.apache.cxf.interceptor.ServiceInvokerInterceptor$1.run(ServiceInvokerInterceptor.java:59) ~[cxf-core-3.1.4.jar:3.1.4]
	at java.util.concurrent.Executors$RunnableAdapter.call(Executors.java:511) ~[na:1.8.0_65]
	at java.util.concurrent.FutureTask.run(FutureTask.java:266) ~[na:1.8.0_65]
	at org.apache.cxf.interceptor.ServiceInvokerInterceptor$2.run(ServiceInvokerInterceptor.java:126) ~[cxf-core-3.1.4.jar:3.1.4]
	at org.apache.cxf.workqueue.SynchronousExecutor.execute(SynchronousExecutor.java:37) ~[cxf-core-3.1.4.jar:3.1.4]
	at org.apache.cxf.interceptor.ServiceInvokerInterceptor.handleMessage(ServiceInvokerInterceptor.java:131) ~[cxf-core-3.1.4.jar:3.1.4]
	at org.apache.cxf.phase.PhaseInterceptorChain.doIntercept(PhaseInterceptorChain.java:308) ~[cxf-core-3.1.4.jar:3.1.4]
	at org.apache.cxf.transport.ChainInitiationObserver.onMessage(ChainInitiationObserver.java:121) [cxf-core-3.1.4.jar:3.1.4]
	at org.apache.cxf.transport.http.AbstractHTTPDestination.invoke(AbstractHTTPDestination.java:251) [cxf-rt-transports-http-3.1.4.jar:3.1.4]
	at org.apache.cxf.transport.servlet.ServletController.invokeDestination(ServletController.java:234) [cxf-rt-transports-http-3.1.4.jar:3.1.4]
	at org.apache.cxf.transport.servlet.ServletController.invoke(ServletController.java:208) [cxf-rt-transports-http-3.1.4.jar:3.1.4]
	at org.apache.cxf.transport.servlet.ServletController.invoke(ServletController.java:160) [cxf-rt-transports-http-3.1.4.jar:3.1.4]
	at org.apache.cxf.transport.servlet.CXFNonSpringServlet.invoke(CXFNonSpringServlet.java:180) [cxf-rt-transports-http-3.1.4.jar:3.1.4]
	at org.apache.cxf.transport.servlet.AbstractHTTPServlet.handleRequest(AbstractHTTPServlet.java:293) [cxf-rt-transports-http-3.1.4.jar:3.1.4]
	at org.apache.cxf.transport.servlet.AbstractHTTPServlet.doGet(AbstractHTTPServlet.java:217) [cxf-rt-transports-http-3.1.4.jar:3.1.4]
	at javax.servlet.http.HttpServlet.service(HttpServlet.java:735) [javax.servlet-3.0.0.v201112011016.jar:na]
	at org.apache.cxf.transport.servlet.AbstractHTTPServlet.service(AbstractHTTPServlet.java:268) [cxf-rt-transports-http-3.1.4.jar:3.1.4]
	at org.eclipse.jetty.servlet.ServletHolder.handle(ServletHolder.java:671) [jetty-servlet-9.0.0.v20130308.jar:9.0.0.v20130308]
	at org.eclipse.jetty.servlet.ServletHandler$CachedChain.doFilter(ServletHandler.java:1448) [jetty-servlet-9.0.0.v20130308.jar:9.0.0.v20130308]
	at org.springframework.web.filter.CharacterEncodingFilter.doFilterInternal(CharacterEncodingFilter.java:121) [spring-web-4.2.3.RELEASE.jar:4.2.3.RELEASE]
	at org.springframework.web.filter.OncePerRequestFilter.doFilter(OncePerRequestFilter.java:107) [spring-web-4.2.3.RELEASE.jar:4.2.3.RELEASE]
	at org.eclipse.jetty.servlet.ServletHandler$CachedChain.doFilter(ServletHandler.java:1419) [jetty-servlet-9.0.0.v20130308.jar:9.0.0.v20130308]
	at org.eclipse.jetty.servlet.ServletHandler.doHandle(ServletHandler.java:447) [jetty-servlet-9.0.0.v20130308.jar:9.0.0.v20130308]
	at org.eclipse.jetty.server.handler.ScopedHandler.handle(ScopedHandler.java:138) [jetty-server-9.0.0.v20130308.jar:9.0.0.v20130308]
	at org.eclipse.jetty.security.SecurityHandler.handle(SecurityHandler.java:564) [jetty-security-9.0.0.v20130308.jar:9.0.0.v20130308]
	at org.eclipse.jetty.server.session.SessionHandler.doHandle(SessionHandler.java:213) [jetty-server-9.0.0.v20130308.jar:9.0.0.v20130308]
	at org.eclipse.jetty.server.handler.ContextHandler.doHandle(ContextHandler.java:1070) [jetty-server-9.0.0.v20130308.jar:9.0.0.v20130308]
	at org.eclipse.jetty.servlet.ServletHandler.doScope(ServletHandler.java:376) [jetty-servlet-9.0.0.v20130308.jar:9.0.0.v20130308]
	at org.eclipse.jetty.server.session.SessionHandler.doScope(SessionHandler.java:175) [jetty-server-9.0.0.v20130308.jar:9.0.0.v20130308]
	at org.eclipse.jetty.server.handler.ContextHandler.doScope(ContextHandler.java:1004) [jetty-server-9.0.0.v20130308.jar:9.0.0.v20130308]
	at org.eclipse.jetty.server.handler.ScopedHandler.handle(ScopedHandler.java:136) [jetty-server-9.0.0.v20130308.jar:9.0.0.v20130308]
	at org.eclipse.jetty.server.handler.ContextHandlerCollection.handle(ContextHandlerCollection.java:258) [jetty-server-9.0.0.v20130308.jar:9.0.0.v20130308]
	at org.eclipse.jetty.server.handler.HandlerCollection.handle(HandlerCollection.java:109) [jetty-server-9.0.0.v20130308.jar:9.0.0.v20130308]
	at org.eclipse.jetty.server.handler.HandlerWrapper.handle(HandlerWrapper.java:97) [jetty-server-9.0.0.v20130308.jar:9.0.0.v20130308]
	at org.eclipse.jetty.server.Server.handle(Server.java:449) [jetty-server-9.0.0.v20130308.jar:9.0.0.v20130308]
	at org.eclipse.jetty.server.HttpChannel.run(HttpChannel.java:252) [jetty-server-9.0.0.v20130308.jar:9.0.0.v20130308]
	at org.eclipse.jetty.server.HttpConnection.onFillable(HttpConnection.java:266) [jetty-server-9.0.0.v20130308.jar:9.0.0.v20130308]
	at org.eclipse.jetty.io.AbstractConnection$ReadCallback.run(AbstractConnection.java:240) [jetty-io-9.0.0.v20130308.jar:9.0.0.v20130308]
	at org.eclipse.jetty.util.thread.QueuedThreadPool.runJob(QueuedThreadPool.java:589) [jetty-util-9.0.0.v20130308.jar:9.0.0.v20130308]
	at org.eclipse.jetty.util.thread.QueuedThreadPool$3.run(QueuedThreadPool.java:520) [jetty-util-9.0.0.v20130308.jar:9.0.0.v20130308]
	at java.lang.Thread.run(Thread.java:745) [na:1.8.0_65]
